Using pre-set license
Built from '2020.3/staging' branch; Version is '2020.3.28f1 (f5400f52e03f) revision 16072719'; Using compiler version '192528614'; Build Type 'Release'
OS: 'Windows 11  (10.0.22000) 64bit Core' Language: 'en' Physical Memory: 16205 MB
BatchMode: 1, IsHumanControllingUs: 0, StartBugReporterOnCrash: 0, Is64bit: 1, IsPro: 0

COMMAND LINE ARGUMENTS:
C:\Program Files\Unity\Hub\Editor\2020.3.28f1\Editor\Unity.exe
-adb2
-batchMode
-noUpm
-name
AssetImportWorker0
-projectPath
C:/Users/aashi/ui design
-logFile
Logs/AssetImportWorker0.log
-srvPort
52852
Successfully changed project path to: C:/Users/aashi/ui design
C:/Users/aashi/ui design
Using Asset Import Pipeline V2.
Refreshing native plugins compatible for Editor in 44.19 ms, found 3 plugins.
Preloading 0 native plugins for Editor in 0.00 ms.
Initialize engine version: 2020.3.28f1 (f5400f52e03f)
[Subsystems] Discovering subsystems at path C:/Program Files/Unity/Hub/Editor/2020.3.28f1/Editor/Data/Resources/UnitySubsystems
[Subsystems] Discovering subsystems at path C:/Users/aashi/ui design/Assets
GfxDevice: creating device client; threaded=0
Direct3D:
    Version:  Direct3D 11.0 [level 11.1]
    Renderer: NVIDIA GeForce GTX 1650 (ID=0x1f99)
    Vendor:   
    VRAM:     3962 MB
    Driver:   30.0.14.9717
Initialize mono
Mono path[0] = 'C:/Program Files/Unity/Hub/Editor/2020.3.28f1/Editor/Data/Managed'
Mono path[1] = 'C:/Program Files/Unity/Hub/Editor/2020.3.28f1/Editor/Data/MonoBleedingEdge/lib/mono/unityjit'
Mono config path = 'C:/Program Files/Unity/Hub/Editor/2020.3.28f1/Editor/Data/MonoBleedingEdge/etc'
Using monoOptions --debugger-agent=transport=dt_socket,embedding=1,server=y,suspend=n,address=127.0.0.1:56432
Begin MonoManager ReloadAssembly
Registering precompiled unity dll's ...
Register platform support module: C:/Program Files/Unity/Hub/Editor/2020.3.28f1/Editor/Data/PlaybackEngines/WindowsStandaloneSupport/UnityEditor.WindowsStandalone.Extensions.dll
Registered in 0.001463 seconds.
Native extension for WindowsStandalone target not found
Refreshing native plugins compatible for Editor in 42.12 ms, found 3 plugins.
Preloading 0 native plugins for Editor in 0.00 ms.
Mono: successfully reloaded assembly
- Completed reload, in  0.528 seconds
Domain Reload Profiling:
	ReloadAssembly (528ms)
		BeginReloadAssembly (54ms)
			ExecutionOrderSort (0ms)
			DisableScriptedObjects (0ms)
			BackupInstance (0ms)
			ReleaseScriptingObjects (0ms)
			CreateAndSetChildDomain (1ms)
		EndReloadAssembly (409ms)
			LoadAssemblies (53ms)
			RebuildTransferFunctionScriptingTraits (0ms)
			SetupTypeCache (140ms)
			ReleaseScriptCaches (0ms)
			RebuildScriptCaches (27ms)
			SetupLoadedEditorAssemblies (153ms)
				LogAssemblyErrors (0ms)
				InitializePlatformSupportModulesInManaged (4ms)
				SetLoadedEditorAssemblies (0ms)
				RefreshPlugins (42ms)
				BeforeProcessingInitializeOnLoad (9ms)
				ProcessInitializeOnLoadAttributes (72ms)
				ProcessInitializeOnLoadMethodAttributes (26ms)
				AfterProcessingInitializeOnLoad (0ms)
				EditorAssembliesLoaded (0ms)
			ExecutionOrderSort2 (0ms)
			AwakeInstancesAfterBackupRestoration (0ms)
Platform modules already initialized, skipping
Registering precompiled user dll's ...
Registered in 0.004596 seconds.
Begin MonoManager ReloadAssembly
Native extension for WindowsStandalone target not found
Refreshing native plugins compatible for Editor in 40.84 ms, found 3 plugins.
Preloading 0 native plugins for Editor in 0.00 ms.
Mono: successfully reloaded assembly
- Completed reload, in  0.977 seconds
Domain Reload Profiling:
	ReloadAssembly (977ms)
		BeginReloadAssembly (127ms)
			ExecutionOrderSort (0ms)
			DisableScriptedObjects (4ms)
			BackupInstance (0ms)
			ReleaseScriptingObjects (0ms)
			CreateAndSetChildDomain (16ms)
		EndReloadAssembly (795ms)
			LoadAssemblies (88ms)
			RebuildTransferFunctionScriptingTraits (0ms)
			SetupTypeCache (267ms)
			ReleaseScriptCaches (0ms)
			RebuildScriptCaches (42ms)
			SetupLoadedEditorAssemblies (294ms)
				LogAssemblyErrors (0ms)
				InitializePlatformSupportModulesInManaged (3ms)
				SetLoadedEditorAssemblies (0ms)
				RefreshPlugins (41ms)
				BeforeProcessingInitializeOnLoad (61ms)
				ProcessInitializeOnLoadAttributes (171ms)
				ProcessInitializeOnLoadMethodAttributes (14ms)
				AfterProcessingInitializeOnLoad (4ms)
				EditorAssembliesLoaded (0ms)
			ExecutionOrderSort2 (0ms)
			AwakeInstancesAfterBackupRestoration (6ms)
Platform modules already initialized, skipping
========================================================================
Worker process is ready to serve import requests
Launched and connected shader compiler UnityShaderCompiler.exe after 0.06 seconds
Refreshing native plugins compatible for Editor in 0.45 ms, found 3 plugins.
Preloading 0 native plugins for Editor in 0.00 ms.
Unloading 2243 Unused Serialized files (Serialized files now loaded: 0)
System memory in use before: 99.1 MB.
System memory in use after: 99.0 MB.

Unloading 34 unused Assets to reduce memory usage. Loaded Objects now: 2671.
Total: 2.518000 ms (FindLiveObjects: 0.172900 ms CreateObjectMapping: 0.091600 ms MarkObjects: 2.127300 ms  DeleteObjects: 0.125400 ms)

AssetImportParameters requested are different than current active one (requested -> active):
  custom:framework-win-MediaFoundation: 216162199b28c13a410421893ffa2e32 -> 
  custom:video-decoder-ogg-theora: a1e56fd34408186e4bbccfd4996cb3dc -> 
  custom:container-muxer-webm: aa71ff27fc2769a1b78a27578f13a17b -> 
  custom:container-demuxer-webm: 4f35f7cbe854078d1ac9338744f61a02 -> 
  custom:container-demuxer-ogg: 62fdf1f143b41e24485cea50d1cbac27 -> 
  custom:video-encoder-webm-vp8: eb34c28f22e8b96e1ab97ce403110664 -> 
  custom:video-decoder-webm-vp8: 9c59270c3fd7afecdb556c50c9e8de78 -> 
  custom:audio-decoder-ogg-vorbis: bf7c407c2cedff20999df2af8eb42d56 -> 
  custom:audio-encoder-webm-vorbis: bf7c407c2cedff20999df2af8eb42d56 -> 
========================================================================
Received Import Request.
  path: Assets/Sprites/fishcaketr2.png
  artifactKey: Guid(4ab6b91c549d89049b092fa8dc91cf17) Importer(815301076,1909f56bfc062723c751e8b465ee728b)
Start importing Assets/Sprites/fishcaketr2.png using Guid(4ab6b91c549d89049b092fa8dc91cf17) Importer(815301076,1909f56bfc062723c751e8b465ee728b)  -> (artifact id: 'c29be8ca407634e5dc0f26a92b1ec38b') in 0.079797 seconds 
  Import took 0.082720 seconds .

========================================================================
Received Import Request.
  Time since last request: 0.000338 seconds.
  path: Assets/Sprites/carrottr2.png
  artifactKey: Guid(6e15dc25594ee3b43913fc2eaf1e4550) Importer(815301076,1909f56bfc062723c751e8b465ee728b)
Start importing Assets/Sprites/carrottr2.png using Guid(6e15dc25594ee3b43913fc2eaf1e4550) Importer(815301076,1909f56bfc062723c751e8b465ee728b)  -> (artifact id: '040c636e371aa58749ba05277f135a00') in 0.011836 seconds 
  Import took 0.015335 seconds .

========================================================================
Received Import Request.
  Time since last request: 5.099392 seconds.
  path: Assets/Sprites/tofutr2.png
  artifactKey: Guid(b9fadc3c81cc2c54d8b53453741d746e) Importer(815301076,1909f56bfc062723c751e8b465ee728b)
Start importing Assets/Sprites/tofutr2.png using Guid(b9fadc3c81cc2c54d8b53453741d746e) Importer(815301076,1909f56bfc062723c751e8b465ee728b)  -> (artifact id: '6f8d10da867e27510829d8a7ce347d6b') in 0.013092 seconds 
  Import took 0.016931 seconds .

========================================================================
Received Import Request.
  Time since last request: 1.393739 seconds.
  path: Assets/Sprites/tomatortr2.png
  artifactKey: Guid(9ac6d8bc0c6519a47baeef6767d66f09) Importer(815301076,1909f56bfc062723c751e8b465ee728b)
Start importing Assets/Sprites/tomatortr2.png using Guid(9ac6d8bc0c6519a47baeef6767d66f09) Importer(815301076,1909f56bfc062723c751e8b465ee728b)  -> (artifact id: '5c53e349dc48a3b5c7c55ae4bbd7ce5b') in 0.013495 seconds 
  Import took 0.017763 seconds .

========================================================================
Received Import Request.
  Time since last request: 78.950971 seconds.
  path: Assets/Sprites/pork2tr2.png
  artifactKey: Guid(fa307759f2027b34fb1824f48245272c) Importer(815301076,1909f56bfc062723c751e8b465ee728b)
Start importing Assets/Sprites/pork2tr2.png using Guid(fa307759f2027b34fb1824f48245272c) Importer(815301076,1909f56bfc062723c751e8b465ee728b)  -> (artifact id: '37137c3e10b11a10dbcdce0fae2fa423') in 0.013963 seconds 
  Import took 0.017771 seconds .

========================================================================
Received Import Request.
  Time since last request: 37.318429 seconds.
  path: Assets/Sprites/carrottr2.png
  artifactKey: Guid(6e15dc25594ee3b43913fc2eaf1e4550) Importer(815301076,1909f56bfc062723c751e8b465ee728b)
Start importing Assets/Sprites/carrottr2.png using Guid(6e15dc25594ee3b43913fc2eaf1e4550) Importer(815301076,1909f56bfc062723c751e8b465ee728b)  -> (artifact id: 'e636ff7f4cf033f6894dd8165436e86d') in 0.009835 seconds 
  Import took 0.013877 seconds .

========================================================================
Received Import Request.
  Time since last request: 0.000331 seconds.
  path: Assets/Sprites/tomatortr2.png
  artifactKey: Guid(9ac6d8bc0c6519a47baeef6767d66f09) Importer(815301076,1909f56bfc062723c751e8b465ee728b)
Start importing Assets/Sprites/tomatortr2.png using Guid(9ac6d8bc0c6519a47baeef6767d66f09) Importer(815301076,1909f56bfc062723c751e8b465ee728b)  -> (artifact id: 'd3e9fd494ad8d3f5e9f7f94ff80b5469') in 0.012082 seconds 
  Import took 0.015368 seconds .

========================================================================
Received Import Request.
  Time since last request: 0.000244 seconds.
  path: Assets/Sprites/pork2tr2.png
  artifactKey: Guid(fa307759f2027b34fb1824f48245272c) Importer(815301076,1909f56bfc062723c751e8b465ee728b)
Start importing Assets/Sprites/pork2tr2.png using Guid(fa307759f2027b34fb1824f48245272c) Importer(815301076,1909f56bfc062723c751e8b465ee728b)  -> (artifact id: '59c45f0af71bb904b4ba7d6e9dcce312') in 0.009394 seconds 
  Import took 0.012834 seconds .

========================================================================
Received Import Request.
  Time since last request: 0.000238 seconds.
  path: Assets/Sprites/fishcaketr2.png
  artifactKey: Guid(4ab6b91c549d89049b092fa8dc91cf17) Importer(815301076,1909f56bfc062723c751e8b465ee728b)
Start importing Assets/Sprites/fishcaketr2.png using Guid(4ab6b91c549d89049b092fa8dc91cf17) Importer(815301076,1909f56bfc062723c751e8b465ee728b)  -> (artifact id: '750263772aa0503f69ddd88df8602c2a') in 0.013557 seconds 
  Import took 0.017200 seconds .

========================================================================
Received Prepare
Registering precompiled user dll's ...
Registered in 0.005918 seconds.
Begin MonoManager ReloadAssembly
Native extension for WindowsStandalone target not found
Refreshing native plugins compatible for Editor in 0.44 ms, found 3 plugins.
Preloading 0 native plugins for Editor in 0.00 ms.
Mono: successfully reloaded assembly
- Completed reload, in  0.860 seconds
Domain Reload Profiling:
	ReloadAssembly (860ms)
		BeginReloadAssembly (115ms)
			ExecutionOrderSort (0ms)
			DisableScriptedObjects (5ms)
			BackupInstance (0ms)
			ReleaseScriptingObjects (0ms)
			CreateAndSetChildDomain (37ms)
		EndReloadAssembly (695ms)
			LoadAssemblies (79ms)
			RebuildTransferFunctionScriptingTraits (0ms)
			SetupTypeCache (254ms)
			ReleaseScriptCaches (1ms)
			RebuildScriptCaches (37ms)
			SetupLoadedEditorAssemblies (244ms)
				LogAssemblyErrors (0ms)
				InitializePlatformSupportModulesInManaged (4ms)
				SetLoadedEditorAssemblies (0ms)
				RefreshPlugins (1ms)
				BeforeProcessingInitializeOnLoad (51ms)
				ProcessInitializeOnLoadAttributes (174ms)
				ProcessInitializeOnLoadMethodAttributes (10ms)
				AfterProcessingInitializeOnLoad (4ms)
				EditorAssembliesLoaded (0ms)
			ExecutionOrderSort2 (0ms)
			AwakeInstancesAfterBackupRestoration (7ms)
Platform modules already initialized, skipping
Refreshing native plugins compatible for Editor in 0.45 ms, found 3 plugins.
Preloading 0 native plugins for Editor in 0.00 ms.
Unloading 2225 Unused Serialized files (Serialized files now loaded: 0)
System memory in use before: 100.8 MB.
System memory in use after: 100.8 MB.

Unloading 23 unused Assets to reduce memory usage. Loaded Objects now: 2681.
Total: 2.515100 ms (FindLiveObjects: 0.149700 ms CreateObjectMapping: 0.082500 ms MarkObjects: 2.178500 ms  DeleteObjects: 0.103600 ms)

AssetImportParameters requested are different than current active one (requested -> active):
  custom:framework-win-MediaFoundation: 216162199b28c13a410421893ffa2e32 -> 
  custom:video-decoder-ogg-theora: a1e56fd34408186e4bbccfd4996cb3dc -> 
  custom:container-muxer-webm: aa71ff27fc2769a1b78a27578f13a17b -> 
  custom:container-demuxer-webm: 4f35f7cbe854078d1ac9338744f61a02 -> 
  custom:container-demuxer-ogg: 62fdf1f143b41e24485cea50d1cbac27 -> 
  custom:video-encoder-webm-vp8: eb34c28f22e8b96e1ab97ce403110664 -> 
  custom:video-decoder-webm-vp8: 9c59270c3fd7afecdb556c50c9e8de78 -> 
  custom:audio-decoder-ogg-vorbis: bf7c407c2cedff20999df2af8eb42d56 -> 
  custom:audio-encoder-webm-vorbis: bf7c407c2cedff20999df2af8eb42d56 -> 
========================================================================
Received Import Request.
  Time since last request: 357.233769 seconds.
  path: Assets/Sprites/tomatortr2.png
  artifactKey: Guid(9ac6d8bc0c6519a47baeef6767d66f09) Importer(815301076,1909f56bfc062723c751e8b465ee728b)
Start importing Assets/Sprites/tomatortr2.png using Guid(9ac6d8bc0c6519a47baeef6767d66f09) Importer(815301076,1909f56bfc062723c751e8b465ee728b)  -> (artifact id: '39bca636be455f0578d5e9e8f597917c') in 0.046084 seconds 
  Import took 0.049085 seconds .

========================================================================
Received Import Request.
  Time since last request: 0.000333 seconds.
  path: Assets/Sprites/pork2tr2.png
  artifactKey: Guid(fa307759f2027b34fb1824f48245272c) Importer(815301076,1909f56bfc062723c751e8b465ee728b)
Start importing Assets/Sprites/pork2tr2.png using Guid(fa307759f2027b34fb1824f48245272c) Importer(815301076,1909f56bfc062723c751e8b465ee728b)  -> (artifact id: '7daa68cae64b8eb3703cd7d5712de924') in 0.009329 seconds 
  Import took 0.013265 seconds .

========================================================================
Received Import Request.
  Time since last request: 0.000228 seconds.
  path: Assets/Sprites/fishcaketr2.png
  artifactKey: Guid(4ab6b91c549d89049b092fa8dc91cf17) Importer(815301076,1909f56bfc062723c751e8b465ee728b)
Start importing Assets/Sprites/fishcaketr2.png using Guid(4ab6b91c549d89049b092fa8dc91cf17) Importer(815301076,1909f56bfc062723c751e8b465ee728b)  -> (artifact id: '6faadee5e96a4308231043e87190d3b8') in 0.008493 seconds 
  Import took 0.012162 seconds .

========================================================================
Received Import Request.
  Time since last request: 0.000332 seconds.
  path: Assets/Sprites/carrottr2.png
  artifactKey: Guid(6e15dc25594ee3b43913fc2eaf1e4550) Importer(815301076,1909f56bfc062723c751e8b465ee728b)
Start importing Assets/Sprites/carrottr2.png using Guid(6e15dc25594ee3b43913fc2eaf1e4550) Importer(815301076,1909f56bfc062723c751e8b465ee728b)  -> (artifact id: 'cd57eebfc326d7ee57ddf88c5e0dbc47') in 0.011236 seconds 
  Import took 0.014708 seconds .

========================================================================
Received Prepare
Registering precompiled user dll's ...
Registered in 0.003709 seconds.
Begin MonoManager ReloadAssembly
Native extension for WindowsStandalone target not found
Refreshing native plugins compatible for Editor in 0.46 ms, found 3 plugins.
Preloading 0 native plugins for Editor in 0.00 ms.
Mono: successfully reloaded assembly
- Completed reload, in  0.904 seconds
Domain Reload Profiling:
	ReloadAssembly (905ms)
		BeginReloadAssembly (99ms)
			ExecutionOrderSort (0ms)
			DisableScriptedObjects (6ms)
			BackupInstance (0ms)
			ReleaseScriptingObjects (0ms)
			CreateAndSetChildDomain (30ms)
		EndReloadAssembly (755ms)
			LoadAssemblies (81ms)
			RebuildTransferFunctionScriptingTraits (0ms)
			SetupTypeCache (284ms)
			ReleaseScriptCaches (1ms)
			RebuildScriptCaches (41ms)
			SetupLoadedEditorAssemblies (259ms)
				LogAssemblyErrors (0ms)
				InitializePlatformSupportModulesInManaged (4ms)
				SetLoadedEditorAssemblies (0ms)
				RefreshPlugins (1ms)
				BeforeProcessingInitializeOnLoad (52ms)
				ProcessInitializeOnLoadAttributes (188ms)
				ProcessInitializeOnLoadMethodAttributes (10ms)
				AfterProcessingInitializeOnLoad (5ms)
				EditorAssembliesLoaded (0ms)
			ExecutionOrderSort2 (0ms)
			AwakeInstancesAfterBackupRestoration (8ms)
Platform modules already initialized, skipping
Refreshing native plugins compatible for Editor in 0.50 ms, found 3 plugins.
Preloading 0 native plugins for Editor in 0.00 ms.
Unloading 2225 Unused Serialized files (Serialized files now loaded: 0)
System memory in use before: 100.9 MB.
System memory in use after: 100.8 MB.

Unloading 23 unused Assets to reduce memory usage. Loaded Objects now: 2684.
Total: 3.169900 ms (FindLiveObjects: 0.157800 ms CreateObjectMapping: 0.085700 ms MarkObjects: 2.775900 ms  DeleteObjects: 0.149800 ms)

AssetImportParameters requested are different than current active one (requested -> active):
  custom:framework-win-MediaFoundation: 216162199b28c13a410421893ffa2e32 -> 
  custom:video-decoder-ogg-theora: a1e56fd34408186e4bbccfd4996cb3dc -> 
  custom:container-muxer-webm: aa71ff27fc2769a1b78a27578f13a17b -> 
  custom:container-demuxer-webm: 4f35f7cbe854078d1ac9338744f61a02 -> 
  custom:container-demuxer-ogg: 62fdf1f143b41e24485cea50d1cbac27 -> 
  custom:video-encoder-webm-vp8: eb34c28f22e8b96e1ab97ce403110664 -> 
  custom:video-decoder-webm-vp8: 9c59270c3fd7afecdb556c50c9e8de78 -> 
  custom:audio-decoder-ogg-vorbis: bf7c407c2cedff20999df2af8eb42d56 -> 
  custom:audio-encoder-webm-vorbis: bf7c407c2cedff20999df2af8eb42d56 -> 
========================================================================
Received Import Request.
  Time since last request: 590.635453 seconds.
  path: Assets/Scenes/HomeScreen.unity
  artifactKey: Guid(bad486341bd295b4b90ea76ff6b3eb07) Importer(815301076,1909f56bfc062723c751e8b465ee728b)
Start importing Assets/Scenes/HomeScreen.unity using Guid(bad486341bd295b4b90ea76ff6b3eb07) Importer(815301076,1909f56bfc062723c751e8b465ee728b)  -> (artifact id: 'db9501c07a900a1168249ac8f69f5dbe') in 0.019469 seconds 
  Import took 0.023594 seconds .

AssetImportWorkerClient::OnTransportError - code=2 error=End of file
